Input Notebook:  /home/jg2204/workspace/lpp_ecmr/analyses/rendered/fitting_TalmiEEG_LPP_eCMR_50_set_likelihood_best_of_3_sub16.ipynb
Output Notebook: /home/jg2204/workspace/lpp_ecmr/analyses/rendered/fitting_TalmiEEG_LPP_eCMR_50_set_likelihood_best_of_3_sub16.ipynb
Executing:   0%|          | 0/14 [00:00<?, ?cell/s]Exception in thread Heartbeat:
Traceback (most recent call last):
  File "/usr/lib64/python3.12/threading.py", line 1075, in _bootstrap_inner
    self.run()
  File "/home/jg2204/workspace/.venv/lib64/python3.12/site-packages/ipykernel/heartbeat.py", line 98, in run
    self._bind_socket()
  File "/home/jg2204/workspace/.venv/lib64/python3.12/site-packages/ipykernel/heartbeat.py", line 77, in _bind_socket
    self._try_bind_socket()
  File "/home/jg2204/workspace/.venv/lib64/python3.12/site-packages/ipykernel/heartbeat.py", line 64, in _try_bind_socket
    return self.socket.bind(f"{self.transport}://{self.ip}" + c + str(self.port))
           ^^^^^^^^^^^^^^^^^^^^^^^^^^^^^^^^^^^^^^^^^^^^^^^^^^^^^^^^^^^^^^^^^^^^^^
  File "/home/jg2204/workspace/.venv/lib64/python3.12/site-packages/zmq/sugar/socket.py", line 320, in bind
    super().bind(addr)
  File "zmq/backend/cython/_zmq.py", line 1009, in zmq.backend.cython._zmq.Socket.bind
  File "zmq/backend/cython/_zmq.py", line 190, in zmq.backend.cython._zmq._check_rc
zmq.error.ZMQError: Address already in use (addr='tcp://127.0.0.1:40547')
Executing notebook with kernel: python3
Executing:   7%|▋         | 1/14 [00:02<00:36,  2.78s/cell]Executing:  14%|█▍        | 2/14 [00:08<00:55,  4.66s/cell]Executing:  43%|████▎     | 6/14 [00:09<00:09,  1.18s/cell]Executing:  71%|███████▏  | 10/14 [00:10<00:02,  1.51cell/s]Executing:  93%|█████████▎| 13/14 [00:22<00:01,  1.86s/cell]Executing: 100%|██████████| 14/14 [00:22<00:00,  1.64s/cell]
