Input Notebook:  /home/jg2204/workspace/lpp_ecmr/analyses/rendered/fitting_TalmiEEG_CMR_RatioStop_50_set_likelihood_predicted_term_best_of_3_sub24.ipynb
Output Notebook: /home/jg2204/workspace/lpp_ecmr/analyses/rendered/fitting_TalmiEEG_CMR_RatioStop_50_set_likelihood_predicted_term_best_of_3_sub24.ipynb
Executing:   0%|          | 0/14 [00:00<?, ?cell/s]Executing notebook with kernel: python3
Executing:   7%|▋         | 1/14 [00:03<00:42,  3.27s/cell]Executing:  14%|█▍        | 2/14 [00:10<01:05,  5.47s/cell]Executing:  43%|████▎     | 6/14 [00:11<00:11,  1.40s/cell]Executing:  57%|█████▋    | 8/14 [00:15<00:09,  1.62s/cell]Executing:  57%|█████▋    | 8/14 [00:16<00:12,  2.04s/cell]
Traceback (most recent call last):
  File "/home/jg2204/workspace/.venv/bin/papermill", line 10, in <module>
    sys.exit(papermill())
             ^^^^^^^^^^^
  File "/home/jg2204/workspace/.venv/lib64/python3.12/site-packages/click/core.py", line 1485, in __call__
    return self.main(*args, **kwargs)
           ^^^^^^^^^^^^^^^^^^^^^^^^^^
  File "/home/jg2204/workspace/.venv/lib64/python3.12/site-packages/click/core.py", line 1406, in main
    rv = self.invoke(ctx)
         ^^^^^^^^^^^^^^^^
  File "/home/jg2204/workspace/.venv/lib64/python3.12/site-packages/click/core.py", line 1269, in invoke
    return ctx.invoke(self.callback, **ctx.params)
           ^^^^^^^^^^^^^^^^^^^^^^^^^^^^^^^^^^^^^^^
  File "/home/jg2204/workspace/.venv/lib64/python3.12/site-packages/click/core.py", line 824, in invoke
    return callback(*args, **kwargs)
           ^^^^^^^^^^^^^^^^^^^^^^^^^
  File "/home/jg2204/workspace/.venv/lib64/python3.12/site-packages/click/decorators.py", line 34, in new_func
    return f(get_current_context(), *args, **kwargs)
           ^^^^^^^^^^^^^^^^^^^^^^^^^^^^^^^^^^^^^^^^^
  File "/home/jg2204/workspace/.venv/lib64/python3.12/site-packages/papermill/cli.py", line 235, in papermill
    execute_notebook(
  File "/home/jg2204/workspace/.venv/lib64/python3.12/site-packages/papermill/execute.py", line 131, in execute_notebook
    raise_for_execution_errors(nb, output_path)
  File "/home/jg2204/workspace/.venv/lib64/python3.12/site-packages/papermill/execute.py", line 251, in raise_for_execution_errors
    raise error
papermill.exceptions.PapermillExecutionError: 
---------------------------------------------------------------------------
Exception encountered at "In [5]":
---------------------------------------------------------------------------
AttributeError                            Traceback (most recent call last)
Cell In[5], line 63
     59         combined_mask = jnp.zeros_like(trial_mask, dtype=bool)
     60         for idx in subject_indices:
     61             combined_mask = combined_mask | subject_masks[idx]
     62         if len(subject_indices) == 1:
---> 63             results = fitter.fit(combined_mask, subject_id=int(unique_subjects[subject_indices[0]]))
     64         else:
     65             results = fitter.fit_subjects(combined_mask)
     66     else:

File ~/workspace/jaxcmr/jaxcmr/fitting.py:131, in ScipyDE.fit(self, trial_mask, subject_id)
    129 best_fit_result = None
    130 for _ in range(self.all_hyperparams["best_of"]):
--> 131     fit_result = differential_evolution(
    132         loss_fn,
    133         self.bounds,
    134         maxiter=self.all_hyperparams["num_steps"],
    135         popsize=self.all_hyperparams["pop_size"],
    136         vectorized=True,
    137         disp=self.display_iterations,
    138         tol=self.all_hyperparams["relative_tolerance"],
    139         mutation=self.all_hyperparams["diff_w"],
    140         recombination=self.all_hyperparams["cross_over_rate"],
    141     )
    142     if fit_result.fun < best_fitness:
    143         best_fitness = fit_result.fun

File ~/workspace/.venv/lib64/python3.12/site-packages/scipy/_lib/_util.py:365, in _transition_to_rng.<locals>.decorator.<locals>.wrapper(*args, **kwargs)
    358     message = (
    359         "The NumPy global RNG was seeded by calling "
    360         f"`np.random.seed`. Beginning in {end_version}, this "
    361         "function will no longer use the global RNG."
    362     ) + cmn_msg
    363     warnings.warn(message, FutureWarning, stacklevel=2)
--> 365 return fun(*args, **kwargs)

File ~/workspace/.venv/lib64/python3.12/site-packages/scipy/optimize/_differentialevolution.py:533, in differential_evolution(func, bounds, args, strategy, maxiter, popsize, tol, mutation, recombination, rng, callback, disp, polish, init, atol, updating, workers, constraints, x0, integrality, vectorized)
    516 # using a context manager means that any created Pool objects are
    517 # cleared up.
    518 with DifferentialEvolutionSolver(func, bounds, args=args,
    519                                  strategy=strategy,
    520                                  maxiter=maxiter,
   (...)    531                                  integrality=integrality,
    532                                  vectorized=vectorized) as solver:
--> 533     ret = solver.solve()
    535 return ret

File ~/workspace/.venv/lib64/python3.12/site-packages/scipy/optimize/_differentialevolution.py:1219, in DifferentialEvolutionSolver.solve(self)
   1214     self.feasible, self.constraint_violation = (
   1215         self._calculate_population_feasibilities(self.population))
   1217     # only work out population energies for feasible solutions
   1218     self.population_energies[self.feasible] = (
-> 1219         self._calculate_population_energies(
   1220             self.population[self.feasible]))
   1222     self._promote_lowest_energy()
   1224 # do the optimization.

File ~/workspace/.venv/lib64/python3.12/site-packages/scipy/optimize/_differentialevolution.py:1396, in DifferentialEvolutionSolver._calculate_population_energies(self, population)
   1393 parameters_pop = self._scale_parameters(population)
   1394 try:
   1395     calc_energies = list(
-> 1396         self._mapwrapper(self.func, parameters_pop[0:S])
   1397     )
   1398     calc_energies = np.squeeze(calc_energies)
   1399 except (TypeError, ValueError) as e:
   1400     # wrong number of arguments for _mapwrapper
   1401     # or wrong length returned from the mapper

File ~/workspace/.venv/lib64/python3.12/site-packages/scipy/_lib/_util.py:692, in MapWrapper.__call__(self, func, iterable)
    689 def __call__(self, func, iterable):
    690     # only accept one iterable because that's all Pool.map accepts
    691     try:
--> 692         return self._mapfunc(func, iterable)
    693     except TypeError as e:
    694         # wrong number of arguments
    695         raise TypeError("The map-like callable must be of the"
    696                         " form f(func, iterable)") from e

File ~/workspace/.venv/lib64/python3.12/site-packages/scipy/optimize/_differentialevolution.py:853, in DifferentialEvolutionSolver.__init__.<locals>.maplike_for_vectorized_func(func, x)
    849 def maplike_for_vectorized_func(func, x):
    850     # send an array (N, S) to the user func,
    851     # expect to receive (S,). Transposition is required because
    852     # internally the population is held as (S, N)
--> 853     return np.atleast_1d(func(x.T))

File ~/workspace/.venv/lib64/python3.12/site-packages/scipy/_lib/_util.py:588, in _FunctionWrapper.__call__(self, x)
    587 def __call__(self, x):
--> 588     return self.f(x, *self.args)

File ~/workspace/jaxcmr/jaxcmr/loss/set_permutation_likelihood.py:223, in MemorySearchLikelihoodFnGenerator.__call__.<locals>.<lambda>(x)
    220     return vmap(loss_for_one_sample, in_axes=1)(x)
    222 # Return a function that checks the dimensionality of x at runtime
--> 223 return lambda x: multi_param_loss(x) if x.ndim > 1 else single_param_loss(x)

    [... skipping hidden 5 frame]

File ~/workspace/jaxcmr/jaxcmr/loss/set_permutation_likelihood.py:220, in MemorySearchLikelihoodFnGenerator.__call__.<locals>.multi_param_loss(x)
    215     return self.present_and_predict_trials_loss(
    216         trial_indices, {**base_params, **param_dict}
    217     )
    219 # vmap applies loss_for_one_sample across the leading dimension of x
--> 220 return vmap(loss_for_one_sample, in_axes=1)(x)

    [... skipping hidden 6 frame]

File ~/workspace/jaxcmr/jaxcmr/loss/set_permutation_likelihood.py:215, in MemorySearchLikelihoodFnGenerator.__call__.<locals>.multi_param_loss.<locals>.loss_for_one_sample(x_row)
    213 def loss_for_one_sample(x_row: jnp.ndarray) -> Float[Array, ""]:
    214     param_dict = {key: x_row[i] for i, key in enumerate(free_param_names)}
--> 215     return self.present_and_predict_trials_loss(
    216         trial_indices, {**base_params, **param_dict}
    217     )

File ~/workspace/jaxcmr/jaxcmr/loss/set_permutation_likelihood.py:181, in MemorySearchLikelihoodFnGenerator.present_and_predict_trials_loss(self, trial_indices, parameters)
    170 def present_and_predict_trials_loss(
    171     self,
    172     trial_indices: Integer[Array, " trials"],
    173     parameters: Mapping[str, Float_],
    174 ) -> Float[Array, ""]:
    175     """Returns negative log-likelihood for the present-and-predict approach.
    176 
    177     Args:
    178       trial_indices: Trials to evaluate.
    179       parameters: Model parameters.
    180     """
--> 181     raw = vmap(self.predict_trial, in_axes=(0, None))(trial_indices, parameters)
    182     return log_likelihood(raw)

    [... skipping hidden 6 frame]

File ~/workspace/jaxcmr/jaxcmr/loss/set_permutation_likelihood.py:163, in MemorySearchLikelihoodFnGenerator.predict_trial(self, trial_index, parameters)
    158     return lax.scan(
    159         lambda m, c: (m.retrieve(c), m.outcome_probability(c)),
    160         model, perm,
    161     )[1]
    162 permutations = self.trial_permutations[trial_index]
--> 163 event_probs = vmap(_scan_trial)(permutations)
    165 # Apply pre-computed mask (same for all permutations since zeros trail)
    166 mask = self.trial_masks[trial_index]

    [... skipping hidden 6 frame]

File ~/workspace/jaxcmr/jaxcmr/loss/set_permutation_likelihood.py:158, in MemorySearchLikelihoodFnGenerator.predict_trial.<locals>._scan_trial(perm)
    157 def _scan_trial(perm):
--> 158     return lax.scan(
    159         lambda m, c: (m.retrieve(c), m.outcome_probability(c)),
    160         model, perm,
    161     )[1]

    [... skipping hidden 4 frame]

File ~/workspace/jaxcmr/jaxcmr/loss/set_permutation_likelihood.py:159, in MemorySearchLikelihoodFnGenerator.predict_trial.<locals>._scan_trial.<locals>.<lambda>(m, c)
    157 def _scan_trial(perm):
    158     return lax.scan(
--> 159         lambda m, c: (m.retrieve(c), m.outcome_probability(c)),
    160         model, perm,
    161     )[1]

File ~/workspace/jaxcmr/jaxcmr/models/cmr.py:280, in CMR.outcome_probability(self, choice)
    265 def outcome_probability(self, choice: Int_) -> Float[Array, ""]:
    266     """Compute probability of a specific retrieval outcome.
    267 
    268     Parameters
   (...)    278 
    279     """
--> 280     p_stop = self.stop_probability()
    281     return lax.cond(
    282         choice == 0,
    283         lambda: p_stop,
   (...)    288         ),
    289     )

File ~/workspace/jaxcmr/jaxcmr/models/cmr.py:246, in CMR.stop_probability(self)
    237 def stop_probability(self) -> Float[Array, ""]:
    238     """Compute probability of terminating recall.
    239 
    240     Returns
   (...)    244 
    245     """
--> 246     return self.termination_policy.stop_probability(self)

File ~/workspace/jaxcmr/jaxcmr/components/termination.py:125, in SupportRatioTermination.stop_probability(self, model)
    119     stop_probability = self.scale + jnp.exp(-self.growth * support_ratio)
    120     return jnp.minimum(
    121         stop_probability,
    122         1.0 - (lb * total_recallable),
    123     )
--> 125 return lax.cond(
    126     jnp.logical_or(total_recallable == 0, ~model.is_active),
    127     lambda: jnp.array(1.0),
    128     compute_stop_probability,
    129 )

    [... skipping hidden 3 frame]

File ~/workspace/jaxcmr/jaxcmr/components/termination.py:110, in SupportRatioTermination.stop_probability.<locals>.compute_stop_probability()
    108 """Returns stop probability derived from support ratios."""
    109 support = model.mcf.probe(model.context.state)
--> 110 recalled_mask = jnp.logical_and(model.studied, ~model.recallable)
    111 not_recalled_mask = jnp.logical_and(model.studied, model.recallable)
    112 recalled_support = jnp.sum(support * recalled_mask)

AttributeError: 'CMR' object has no attribute 'studied'

